


ARM Macro Assembler    Page 1 


    1 00000000         ;/******************************************************
                       ********************//**
    2 00000000         ; * @file     startup_CMSDK_CM0.s
    3 00000000         ; * @brief    CMSIS Cortex-M0 Core Device Startup File f
                       or
    4 00000000         ; *           Device CMSDK_CM0
    5 00000000         ; * @version  V3.01
    6 00000000         ; * @date     06. March 2012
    7 00000000         ; * @modify   29. April 2014 by WIZnet ; added WZTOE_HAN
                       DLER
    8 00000000         
    9 00000000         ; * @note
   10 00000000         ; * Copyright (C) 2012 ARM Limited. All rights reserved.
                       
   11 00000000         ; *
   12 00000000         ; * @par
   13 00000000         ; * ARM Limited (ARM) is supplying this software for use
                        with Cortex-M
   14 00000000         ; * processor based microcontrollers.  This file can be 
                       freely distributed
   15 00000000         ; * within development tools that are supporting such AR
                       M based processors.
   16 00000000         ; *
   17 00000000         ; * @par
   18 00000000         ; * THIS SOFTWARE IS PROVIDED "AS IS".  NO WARRANTIES, W
                       HETHER EXPRESS, IMPLIED
   19 00000000         ; * OR STATUTORY, INCLUDING, BUT NOT LIMITED TO, IMPLIED
                        WARRANTIES OF
   20 00000000         ; * MERCHANTABILITY AND FITNESS FOR A PARTICULAR PURPOSE
                        APPLY TO THIS SOFTWARE.
   21 00000000         ; * ARM SHALL NOT, IN ANY CIRCUMSTANCES, BE LIABLE FOR S
                       PECIAL, INCIDENTAL, OR
   22 00000000         ; * CONSEQUENTIAL DAMAGES, FOR ANY REASON WHATSOEVER.
   23 00000000         ; *
   24 00000000         ; ******************************************************
                       ************************/
   25 00000000         ;/*
   26 00000000         ;//-------- <<< Use Configuration Wizard in Context Menu
                        >>> ------------------
   27 00000000         ;*/
   28 00000000         
   29 00000000         
   30 00000000         ; <h> Stack Configuration
   31 00000000         ;   <o> Stack Size (in Bytes) <0x0-0xFFFFFFFF:8>
   32 00000000         ; </h>
   33 00000000         
   34 00000000 00000200 
                       Stack_Size
                               EQU              0x00000200
   35 00000000         
   36 00000000                 AREA             STACK, NOINIT, READWRITE, ALIGN
=3
   37 00000000         Stack_Mem
                               SPACE            Stack_Size
   38 00000200         __initial_sp
   39 00000200         
   40 00000200         
   41 00000200         ; <h> Heap Configuration
   42 00000200         ;   <o>  Heap Size (in Bytes) <0x0-0xFFFFFFFF:8>



ARM Macro Assembler    Page 2 


   43 00000200         ; </h>
   44 00000200         
   45 00000200 00000100 
                       Heap_Size
                               EQU              0x00000100
   46 00000200         
   47 00000200                 AREA             HEAP, NOINIT, READWRITE, ALIGN=
3
   48 00000000         __heap_base
   49 00000000         Heap_Mem
                               SPACE            Heap_Size
   50 00000100         __heap_limit
   51 00000100         
   52 00000100         
   53 00000100                 PRESERVE8
   54 00000100                 THUMB
   55 00000100         
   56 00000100         
   57 00000100         ; Vector Table Mapped to Address 0 at Reset
   58 00000100         
   59 00000100                 AREA             RESET, DATA, READONLY
   60 00000000                 EXPORT           __Vectors
   61 00000000                 EXPORT           __Vectors_End
   62 00000000                 EXPORT           __Vectors_Size
   63 00000000         
   64 00000000 00000000 
                       __Vectors
                               DCD              __initial_sp ; Top of Stack
   65 00000004 00000000        DCD              Reset_Handler ; Reset Handler
   66 00000008 00000000        DCD              NMI_Handler ; NMI Handler
   67 0000000C 00000000        DCD              HardFault_Handler ; Hard Fault 
                                                            Handler
   68 00000010 00000000        DCD              0           ; Reserved
   69 00000014 00000000        DCD              0           ; Reserved
   70 00000018 00000000        DCD              0           ; Reserved
   71 0000001C 00000000        DCD              0           ; Reserved
   72 00000020 00000000        DCD              0           ; Reserved
   73 00000024 00000000        DCD              0           ; Reserved
   74 00000028 00000000        DCD              0           ; Reserved
   75 0000002C 00000000        DCD              SVC_Handler ; SVCall Handler
   76 00000030 00000000        DCD              0           ; Reserved
   77 00000034 00000000        DCD              0           ; Reserved
   78 00000038 00000000        DCD              PendSV_Handler ; PendSV Handler
                                                            
   79 0000003C 00000000        DCD              SysTick_Handler 
                                                            ; SysTick Handler
   80 00000040 00000000        DCD              SSP0_Handler ; 16+ 0: SSP 0 Han
                                                            dler               
                                                                
   81 00000044 00000000        DCD              SSP1_Handler ; 16+ 1: SSP 1 Han
                                                            dler               
                                                                
   82 00000048 00000000        DCD              UART0_Handler ; 16+ 2: UART 0 H
                                                            andler             
                                                                 
   83 0000004C 00000000        DCD              UART1_Handler ; 16+ 3: UART 1 H
                                                            andler             
                                                                 
   84 00000050 00000000        DCD              UART2_Handler ; 16+ 4: UART 2 H



ARM Macro Assembler    Page 3 


                                                            andler             
                                                                 
   85 00000054 00000000        DCD              I2C0_Handler ; 16+ 5: I2C 0 Han
                                                            dler               
                                                                
   86 00000058 00000000        DCD              I2C1_Handler ; 16+ 6: I2C 1 Han
                                                            dler               
                                                                
   87 0000005C 00000000        DCD              PORT0_Handler ; 16+ 7: GPIO Por
                                                            t 0 Combined Handle
                                                            r    
   88 00000060 00000000        DCD              PORT1_Handler ; 16+ 8: GPIO Por
                                                            t 1 Combined Handle
                                                            r    
   89 00000064 00000000        DCD              PORT2_Handler ; 16+ 9: GPIO Por
                                                            t 2 Combined Handle
                                                            r    
   90 00000068 00000000        DCD              PORT3_Handler ; 16+10: GPIO Por
                                                            t 3 Combined Handle
                                                            r    
   91 0000006C 00000000        DCD              DMA_Handler ; 16+11: DMA Combin
                                                            ed Handler         
                                                               
   92 00000070 00000000        DCD              DUALTIMER0_Handler ; 16+12: Dua
                                                            l timer 0 handler  
                                                                       
   93 00000074 00000000        DCD              DUALTIMER1_Handler ; 16+13: Dua
                                                            l timer 1 handler  
                                                                      
   94 00000078 00000000        DCD              PWM0_Handler ; 16+14: PWM0 Hand
                                                            ler                
                                                                
   95 0000007C 00000000        DCD              PWM1_Handler ; 16+15: PWM1 Hand
                                                            ler                
                                                                
   96 00000080 00000000        DCD              PWM2_Handler ; 16+16: PWM2 Hand
                                                            ler                
                                                                
   97 00000084 00000000        DCD              PWM3_Handler ; 16+17: PWM3 Hand
                                                            ler                
                                                                
   98 00000088 00000000        DCD              PWM4_Handler ; 16+18: PWM4 Hand
                                                            ler                
                                                                
   99 0000008C 00000000        DCD              PWM5_Handler ; 16+19: PWM5 Hand
                                                            ler                
                                                                
  100 00000090 00000000        DCD              PWM6_Handler ; 16+20: PWM6 Hand
                                                            ler                
                                                                
  101 00000094 00000000        DCD              PWM7_Handler ; 16+21: PWM7 Hand
                                                            ler                
                                                                
  102 00000098 00000000        DCD              RTC_Handler ; 16+22: RTC Handle
                                                            r                  
                                                               
  103 0000009C 00000000        DCD              ADC_Handler ; 16+23: ADC Handle
                                                            r                  
                                                               



ARM Macro Assembler    Page 4 


  104 000000A0 00000000        DCD              WZTOE_Handler ; 16+24: WZTOE_Ha
                                                            ndler              
                                                                 
  105 000000A4 00000000        DCD              EXTI_Handler ; 16+25: EXTI_Hand
                                                            ler           
  106 000000A8         __Vectors_End
  107 000000A8         
  108 000000A8 000000A8 
                       __Vectors_Size
                               EQU              __Vectors_End - __Vectors
  109 000000A8         
  110 000000A8                 AREA             |.text|, CODE, READONLY
  111 00000000         
  112 00000000         
  113 00000000         ; Reset Handler
  114 00000000         
  115 00000000         Reset_Handler
                               PROC
  116 00000000                 EXPORT           Reset_Handler             [WEAK
]
  117 00000000                 IMPORT           SystemInit
  118 00000000                 IMPORT           __main
  119 00000000 4807            LDR              R0, =SystemInit
  120 00000002 4780            BLX              R0
  121 00000004 4807            LDR              R0, =__main
  122 00000006 4700            BX               R0
  123 00000008                 ENDP
  124 00000008         
  125 00000008         
  126 00000008         ; Dummy Exception Handlers (infinite loops which can be 
                       modified)
  127 00000008         
  128 00000008         NMI_Handler
                               PROC
  129 00000008                 EXPORT           NMI_Handler               [WEAK
]
  130 00000008 E7FE            B                .
  131 0000000A                 ENDP
  133 0000000A         HardFault_Handler
                               PROC
  134 0000000A                 EXPORT           HardFault_Handler         [WEAK
]
  135 0000000A E7FE            B                .
  136 0000000C                 ENDP
  137 0000000C         SVC_Handler
                               PROC
  138 0000000C                 EXPORT           SVC_Handler               [WEAK
]
  139 0000000C E7FE            B                .
  140 0000000E                 ENDP
  141 0000000E         PendSV_Handler
                               PROC
  142 0000000E                 EXPORT           PendSV_Handler            [WEAK
]
  143 0000000E E7FE            B                .
  144 00000010                 ENDP
  145 00000010         SysTick_Handler
                               PROC
  146 00000010                 EXPORT           SysTick_Handler            [WEA



ARM Macro Assembler    Page 5 


K]
  147 00000010 E7FE            B                .
  148 00000012                 ENDP
  149 00000012         Default_Handler
                               PROC
  150 00000012                 EXPORT           SSP0_Handler               [WEA
K]
  151 00000012                 EXPORT           SSP1_Handler               [WEA
K]
  152 00000012                 EXPORT           UART0_Handler              [WEA
K]
  153 00000012                 EXPORT           UART1_Handler              [WEA
K]
  154 00000012                 EXPORT           UART2_Handler              [WEA
K]
  155 00000012                 EXPORT           I2C0_Handler               [WEA
K]
  156 00000012                 EXPORT           I2C1_Handler               [WEA
K]
  157 00000012                 EXPORT           PORT0_Handler              [WEA
K]
  158 00000012                 EXPORT           PORT1_Handler              [WEA
K]
  159 00000012                 EXPORT           PORT2_Handler              [WEA
K]
  160 00000012                 EXPORT           PORT3_Handler              [WEA
K]
  161 00000012                 EXPORT           DMA_Handler                [WEA
K]
  162 00000012                 EXPORT           DUALTIMER0_Handler         [WEA
K]
  163 00000012                 EXPORT           DUALTIMER1_Handler         [WEA
K]
  164 00000012                 EXPORT           PWM0_Handler               [WEA
K]
  165 00000012                 EXPORT           PWM1_Handler               [WEA
K]
  166 00000012                 EXPORT           PWM2_Handler               [WEA
K]
  167 00000012                 EXPORT           PWM3_Handler               [WEA
K]
  168 00000012                 EXPORT           PWM4_Handler               [WEA
K]
  169 00000012                 EXPORT           PWM5_Handler               [WEA
K]
  170 00000012                 EXPORT           PWM6_Handler               [WEA
K]
  171 00000012                 EXPORT           PWM7_Handler               [WEA
K]
  172 00000012                 EXPORT           RTC_Handler                [WEA
K]
  173 00000012                 EXPORT           ADC_Handler                [WEA
K]
  174 00000012                 EXPORT           WZTOE_Handler              [WEA
K]
  175 00000012                 EXPORT           EXTI_Handler              [WEAK
]
  176 00000012         SSP0_Handler
  177 00000012         SSP1_Handler



ARM Macro Assembler    Page 6 


  178 00000012         UART0_Handler
  179 00000012         UART1_Handler
  180 00000012         UART2_Handler
  181 00000012         I2C0_Handler
  182 00000012         I2C1_Handler
  183 00000012         PORT0_Handler
  184 00000012         PORT1_Handler
  185 00000012         PORT2_Handler
  186 00000012         PORT3_Handler
  187 00000012         DMA_Handler
  188 00000012         DUALTIMER0_Handler
  189 00000012         DUALTIMER1_Handler
  190 00000012         PWM0_Handler
  191 00000012         PWM1_Handler
  192 00000012         PWM2_Handler
  193 00000012         PWM3_Handler
  194 00000012         PWM4_Handler
  195 00000012         PWM5_Handler
  196 00000012         PWM6_Handler
  197 00000012         PWM7_Handler
  198 00000012         RTC_Handler
  199 00000012         ADC_Handler
  200 00000012         WZTOE_Handler
  201 00000012         EXTI_Handler
  202 00000012 E7FE            B                .
  203 00000014                 ENDP
  204 00000014         
  205 00000014         
  206 00000014                 ALIGN
  207 00000014         
  208 00000014         
  209 00000014         ; User Initial Stack & Heap
  210 00000014         
  211 00000014                 IF               :DEF:__MICROLIB
  218 00000014         
  219 00000014                 IMPORT           __use_two_region_memory
  220 00000014                 EXPORT           __user_initial_stackheap
  221 00000014         
  222 00000014         __user_initial_stackheap
                               PROC
  223 00000014 4804            LDR              R0, =  Heap_Mem
  224 00000016 4905            LDR              R1, =(Stack_Mem + Stack_Size)
  225 00000018 4A05            LDR              R2, = (Heap_Mem +  Heap_Size)
  226 0000001A 4B06            LDR              R3, = Stack_Mem
  227 0000001C 4770            BX               LR
  228 0000001E                 ENDP
  229 0000001E         
  230 0000001E 00 00           ALIGN
  231 00000020         
  232 00000020                 ENDIF
  233 00000020         
  234 00000020         
  235 00000020                 END
              00000000 
              00000000 
              00000000 
              00000200 
              00000100 
              00000000 



ARM Macro Assembler    Page 7 


Command Line: --debug --xref --cpu=Cortex-M0 --apcs=interwork --depend=.\obj\st
artup_w7500x.d -o.\obj\startup_w7500x.o -IC:\Keil_v5\ARM\RV31\INC -IC:\Keil_v5\
ARM\PACK\ARM\CMSIS\3.20.4\CMSIS\Include -IC:\Keil_v5\ARM\Inc\ARM --list=.\list\
startup_w7500x.lst ..\..\..\..\..\Libraries\CMSIS\Device\WIZnet\W7500\Source\AR
M\startup_W7500x.s



ARM Macro Assembler    Page 1 Alphabetic symbol ordering
Relocatable symbols

STACK 00000000

Symbol: STACK
   Definitions
      At line 36 in file ..\..\..\..\..\Libraries\CMSIS\Device\WIZnet\W7500\Sou
rce\ARM\startup_W7500x.s
   Uses
      None
Comment: STACK unused
Stack_Mem 00000000

Symbol: Stack_Mem
   Definitions
      At line 37 in file ..\..\..\..\..\Libraries\CMSIS\Device\WIZnet\W7500\Sou
rce\ARM\startup_W7500x.s
   Uses
      At line 224 in file ..\..\..\..\..\Libraries\CMSIS\Device\WIZnet\W7500\So
urce\ARM\startup_W7500x.s
      At line 226 in file ..\..\..\..\..\Libraries\CMSIS\Device\WIZnet\W7500\So
urce\ARM\startup_W7500x.s

__initial_sp 00000200

Symbol: __initial_sp
   Definitions
      At line 38 in file ..\..\..\..\..\Libraries\CMSIS\Device\WIZnet\W7500\Sou
rce\ARM\startup_W7500x.s
   Uses
      At line 64 in file ..\..\..\..\..\Libraries\CMSIS\Device\WIZnet\W7500\Sou
rce\ARM\startup_W7500x.s
Comment: __initial_sp used once
3 symbols



ARM Macro Assembler    Page 1 Alphabetic symbol ordering
Relocatable symbols

HEAP 00000000

Symbol: HEAP
   Definitions
      At line 47 in file ..\..\..\..\..\Libraries\CMSIS\Device\WIZnet\W7500\Sou
rce\ARM\startup_W7500x.s
   Uses
      None
Comment: HEAP unused
Heap_Mem 00000000

Symbol: Heap_Mem
   Definitions
      At line 49 in file ..\..\..\..\..\Libraries\CMSIS\Device\WIZnet\W7500\Sou
rce\ARM\startup_W7500x.s
   Uses
      At line 223 in file ..\..\..\..\..\Libraries\CMSIS\Device\WIZnet\W7500\So
urce\ARM\startup_W7500x.s
      At line 225 in file ..\..\..\..\..\Libraries\CMSIS\Device\WIZnet\W7500\So
urce\ARM\startup_W7500x.s

__heap_base 00000000

Symbol: __heap_base
   Definitions
      At line 48 in file ..\..\..\..\..\Libraries\CMSIS\Device\WIZnet\W7500\Sou
rce\ARM\startup_W7500x.s
   Uses
      None
Comment: __heap_base unused
__heap_limit 00000100

Symbol: __heap_limit
   Definitions
      At line 50 in file ..\..\..\..\..\Libraries\CMSIS\Device\WIZnet\W7500\Sou
rce\ARM\startup_W7500x.s
   Uses
      None
Comment: __heap_limit unused
4 symbols



ARM Macro Assembler    Page 1 Alphabetic symbol ordering
Relocatable symbols

RESET 00000000

Symbol: RESET
   Definitions
      At line 59 in file ..\..\..\..\..\Libraries\CMSIS\Device\WIZnet\W7500\Sou
rce\ARM\startup_W7500x.s
   Uses
      None
Comment: RESET unused
__Vectors 00000000

Symbol: __Vectors
   Definitions
      At line 64 in file ..\..\..\..\..\Libraries\CMSIS\Device\WIZnet\W7500\Sou
rce\ARM\startup_W7500x.s
   Uses
      At line 60 in file ..\..\..\..\..\Libraries\CMSIS\Device\WIZnet\W7500\Sou
rce\ARM\startup_W7500x.s
      At line 108 in file ..\..\..\..\..\Libraries\CMSIS\Device\WIZnet\W7500\So
urce\ARM\startup_W7500x.s

__Vectors_End 000000A8

Symbol: __Vectors_End
   Definitions
      At line 106 in file ..\..\..\..\..\Libraries\CMSIS\Device\WIZnet\W7500\So
urce\ARM\startup_W7500x.s
   Uses
      At line 61 in file ..\..\..\..\..\Libraries\CMSIS\Device\WIZnet\W7500\Sou
rce\ARM\startup_W7500x.s
      At line 108 in file ..\..\..\..\..\Libraries\CMSIS\Device\WIZnet\W7500\So
urce\ARM\startup_W7500x.s

3 symbols



ARM Macro Assembler    Page 1 Alphabetic symbol ordering
Relocatable symbols

.text 00000000

Symbol: .text
   Definitions
      At line 110 in file ..\..\..\..\..\Libraries\CMSIS\Device\WIZnet\W7500\So
urce\ARM\startup_W7500x.s
   Uses
      None
Comment: .text unused
ADC_Handler 00000012

Symbol: ADC_Handler
   Definitions
      At line 199 in file ..\..\..\..\..\Libraries\CMSIS\Device\WIZnet\W7500\So
urce\ARM\startup_W7500x.s
   Uses
      At line 103 in file ..\..\..\..\..\Libraries\CMSIS\Device\WIZnet\W7500\So
urce\ARM\startup_W7500x.s
      At line 173 in file ..\..\..\..\..\Libraries\CMSIS\Device\WIZnet\W7500\So
urce\ARM\startup_W7500x.s

DMA_Handler 00000012

Symbol: DMA_Handler
   Definitions
      At line 187 in file ..\..\..\..\..\Libraries\CMSIS\Device\WIZnet\W7500\So
urce\ARM\startup_W7500x.s
   Uses
      At line 91 in file ..\..\..\..\..\Libraries\CMSIS\Device\WIZnet\W7500\Sou
rce\ARM\startup_W7500x.s
      At line 161 in file ..\..\..\..\..\Libraries\CMSIS\Device\WIZnet\W7500\So
urce\ARM\startup_W7500x.s

DUALTIMER0_Handler 00000012

Symbol: DUALTIMER0_Handler
   Definitions
      At line 188 in file ..\..\..\..\..\Libraries\CMSIS\Device\WIZnet\W7500\So
urce\ARM\startup_W7500x.s
   Uses
      At line 92 in file ..\..\..\..\..\Libraries\CMSIS\Device\WIZnet\W7500\Sou
rce\ARM\startup_W7500x.s
      At line 162 in file ..\..\..\..\..\Libraries\CMSIS\Device\WIZnet\W7500\So
urce\ARM\startup_W7500x.s

DUALTIMER1_Handler 00000012

Symbol: DUALTIMER1_Handler
   Definitions
      At line 189 in file ..\..\..\..\..\Libraries\CMSIS\Device\WIZnet\W7500\So
urce\ARM\startup_W7500x.s
   Uses
      At line 93 in file ..\..\..\..\..\Libraries\CMSIS\Device\WIZnet\W7500\Sou
rce\ARM\startup_W7500x.s
      At line 163 in file ..\..\..\..\..\Libraries\CMSIS\Device\WIZnet\W7500\So
urce\ARM\startup_W7500x.s

Default_Handler 00000012




ARM Macro Assembler    Page 2 Alphabetic symbol ordering
Relocatable symbols

Symbol: Default_Handler
   Definitions
      At line 149 in file ..\..\..\..\..\Libraries\CMSIS\Device\WIZnet\W7500\So
urce\ARM\startup_W7500x.s
   Uses
      None
Comment: Default_Handler unused
EXTI_Handler 00000012

Symbol: EXTI_Handler
   Definitions
      At line 201 in file ..\..\..\..\..\Libraries\CMSIS\Device\WIZnet\W7500\So
urce\ARM\startup_W7500x.s
   Uses
      At line 105 in file ..\..\..\..\..\Libraries\CMSIS\Device\WIZnet\W7500\So
urce\ARM\startup_W7500x.s
      At line 175 in file ..\..\..\..\..\Libraries\CMSIS\Device\WIZnet\W7500\So
urce\ARM\startup_W7500x.s

HardFault_Handler 0000000A

Symbol: HardFault_Handler
   Definitions
      At line 133 in file ..\..\..\..\..\Libraries\CMSIS\Device\WIZnet\W7500\So
urce\ARM\startup_W7500x.s
   Uses
      At line 67 in file ..\..\..\..\..\Libraries\CMSIS\Device\WIZnet\W7500\Sou
rce\ARM\startup_W7500x.s
      At line 134 in file ..\..\..\..\..\Libraries\CMSIS\Device\WIZnet\W7500\So
urce\ARM\startup_W7500x.s

I2C0_Handler 00000012

Symbol: I2C0_Handler
   Definitions
      At line 181 in file ..\..\..\..\..\Libraries\CMSIS\Device\WIZnet\W7500\So
urce\ARM\startup_W7500x.s
   Uses
      At line 85 in file ..\..\..\..\..\Libraries\CMSIS\Device\WIZnet\W7500\Sou
rce\ARM\startup_W7500x.s
      At line 155 in file ..\..\..\..\..\Libraries\CMSIS\Device\WIZnet\W7500\So
urce\ARM\startup_W7500x.s

I2C1_Handler 00000012

Symbol: I2C1_Handler
   Definitions
      At line 182 in file ..\..\..\..\..\Libraries\CMSIS\Device\WIZnet\W7500\So
urce\ARM\startup_W7500x.s
   Uses
      At line 86 in file ..\..\..\..\..\Libraries\CMSIS\Device\WIZnet\W7500\Sou
rce\ARM\startup_W7500x.s
      At line 156 in file ..\..\..\..\..\Libraries\CMSIS\Device\WIZnet\W7500\So
urce\ARM\startup_W7500x.s

NMI_Handler 00000008

Symbol: NMI_Handler
   Definitions



ARM Macro Assembler    Page 3 Alphabetic symbol ordering
Relocatable symbols

      At line 128 in file ..\..\..\..\..\Libraries\CMSIS\Device\WIZnet\W7500\So
urce\ARM\startup_W7500x.s
   Uses
      At line 66 in file ..\..\..\..\..\Libraries\CMSIS\Device\WIZnet\W7500\Sou
rce\ARM\startup_W7500x.s
      At line 129 in file ..\..\..\..\..\Libraries\CMSIS\Device\WIZnet\W7500\So
urce\ARM\startup_W7500x.s

PORT0_Handler 00000012

Symbol: PORT0_Handler
   Definitions
      At line 183 in file ..\..\..\..\..\Libraries\CMSIS\Device\WIZnet\W7500\So
urce\ARM\startup_W7500x.s
   Uses
      At line 87 in file ..\..\..\..\..\Libraries\CMSIS\Device\WIZnet\W7500\Sou
rce\ARM\startup_W7500x.s
      At line 157 in file ..\..\..\..\..\Libraries\CMSIS\Device\WIZnet\W7500\So
urce\ARM\startup_W7500x.s

PORT1_Handler 00000012

Symbol: PORT1_Handler
   Definitions
      At line 184 in file ..\..\..\..\..\Libraries\CMSIS\Device\WIZnet\W7500\So
urce\ARM\startup_W7500x.s
   Uses
      At line 88 in file ..\..\..\..\..\Libraries\CMSIS\Device\WIZnet\W7500\Sou
rce\ARM\startup_W7500x.s
      At line 158 in file ..\..\..\..\..\Libraries\CMSIS\Device\WIZnet\W7500\So
urce\ARM\startup_W7500x.s

PORT2_Handler 00000012

Symbol: PORT2_Handler
   Definitions
      At line 185 in file ..\..\..\..\..\Libraries\CMSIS\Device\WIZnet\W7500\So
urce\ARM\startup_W7500x.s
   Uses
      At line 89 in file ..\..\..\..\..\Libraries\CMSIS\Device\WIZnet\W7500\Sou
rce\ARM\startup_W7500x.s
      At line 159 in file ..\..\..\..\..\Libraries\CMSIS\Device\WIZnet\W7500\So
urce\ARM\startup_W7500x.s

PORT3_Handler 00000012

Symbol: PORT3_Handler
   Definitions
      At line 186 in file ..\..\..\..\..\Libraries\CMSIS\Device\WIZnet\W7500\So
urce\ARM\startup_W7500x.s
   Uses
      At line 90 in file ..\..\..\..\..\Libraries\CMSIS\Device\WIZnet\W7500\Sou
rce\ARM\startup_W7500x.s
      At line 160 in file ..\..\..\..\..\Libraries\CMSIS\Device\WIZnet\W7500\So
urce\ARM\startup_W7500x.s

PWM0_Handler 00000012

Symbol: PWM0_Handler



ARM Macro Assembler    Page 4 Alphabetic symbol ordering
Relocatable symbols

   Definitions
      At line 190 in file ..\..\..\..\..\Libraries\CMSIS\Device\WIZnet\W7500\So
urce\ARM\startup_W7500x.s
   Uses
      At line 94 in file ..\..\..\..\..\Libraries\CMSIS\Device\WIZnet\W7500\Sou
rce\ARM\startup_W7500x.s
      At line 164 in file ..\..\..\..\..\Libraries\CMSIS\Device\WIZnet\W7500\So
urce\ARM\startup_W7500x.s

PWM1_Handler 00000012

Symbol: PWM1_Handler
   Definitions
      At line 191 in file ..\..\..\..\..\Libraries\CMSIS\Device\WIZnet\W7500\So
urce\ARM\startup_W7500x.s
   Uses
      At line 95 in file ..\..\..\..\..\Libraries\CMSIS\Device\WIZnet\W7500\Sou
rce\ARM\startup_W7500x.s
      At line 165 in file ..\..\..\..\..\Libraries\CMSIS\Device\WIZnet\W7500\So
urce\ARM\startup_W7500x.s

PWM2_Handler 00000012

Symbol: PWM2_Handler
   Definitions
      At line 192 in file ..\..\..\..\..\Libraries\CMSIS\Device\WIZnet\W7500\So
urce\ARM\startup_W7500x.s
   Uses
      At line 96 in file ..\..\..\..\..\Libraries\CMSIS\Device\WIZnet\W7500\Sou
rce\ARM\startup_W7500x.s
      At line 166 in file ..\..\..\..\..\Libraries\CMSIS\Device\WIZnet\W7500\So
urce\ARM\startup_W7500x.s

PWM3_Handler 00000012

Symbol: PWM3_Handler
   Definitions
      At line 193 in file ..\..\..\..\..\Libraries\CMSIS\Device\WIZnet\W7500\So
urce\ARM\startup_W7500x.s
   Uses
      At line 97 in file ..\..\..\..\..\Libraries\CMSIS\Device\WIZnet\W7500\Sou
rce\ARM\startup_W7500x.s
      At line 167 in file ..\..\..\..\..\Libraries\CMSIS\Device\WIZnet\W7500\So
urce\ARM\startup_W7500x.s

PWM4_Handler 00000012

Symbol: PWM4_Handler
   Definitions
      At line 194 in file ..\..\..\..\..\Libraries\CMSIS\Device\WIZnet\W7500\So
urce\ARM\startup_W7500x.s
   Uses
      At line 98 in file ..\..\..\..\..\Libraries\CMSIS\Device\WIZnet\W7500\Sou
rce\ARM\startup_W7500x.s
      At line 168 in file ..\..\..\..\..\Libraries\CMSIS\Device\WIZnet\W7500\So
urce\ARM\startup_W7500x.s

PWM5_Handler 00000012




ARM Macro Assembler    Page 5 Alphabetic symbol ordering
Relocatable symbols

Symbol: PWM5_Handler
   Definitions
      At line 195 in file ..\..\..\..\..\Libraries\CMSIS\Device\WIZnet\W7500\So
urce\ARM\startup_W7500x.s
   Uses
      At line 99 in file ..\..\..\..\..\Libraries\CMSIS\Device\WIZnet\W7500\Sou
rce\ARM\startup_W7500x.s
      At line 169 in file ..\..\..\..\..\Libraries\CMSIS\Device\WIZnet\W7500\So
urce\ARM\startup_W7500x.s

PWM6_Handler 00000012

Symbol: PWM6_Handler
   Definitions
      At line 196 in file ..\..\..\..\..\Libraries\CMSIS\Device\WIZnet\W7500\So
urce\ARM\startup_W7500x.s
   Uses
      At line 100 in file ..\..\..\..\..\Libraries\CMSIS\Device\WIZnet\W7500\So
urce\ARM\startup_W7500x.s
      At line 170 in file ..\..\..\..\..\Libraries\CMSIS\Device\WIZnet\W7500\So
urce\ARM\startup_W7500x.s

PWM7_Handler 00000012

Symbol: PWM7_Handler
   Definitions
      At line 197 in file ..\..\..\..\..\Libraries\CMSIS\Device\WIZnet\W7500\So
urce\ARM\startup_W7500x.s
   Uses
      At line 101 in file ..\..\..\..\..\Libraries\CMSIS\Device\WIZnet\W7500\So
urce\ARM\startup_W7500x.s
      At line 171 in file ..\..\..\..\..\Libraries\CMSIS\Device\WIZnet\W7500\So
urce\ARM\startup_W7500x.s

PendSV_Handler 0000000E

Symbol: PendSV_Handler
   Definitions
      At line 141 in file ..\..\..\..\..\Libraries\CMSIS\Device\WIZnet\W7500\So
urce\ARM\startup_W7500x.s
   Uses
      At line 78 in file ..\..\..\..\..\Libraries\CMSIS\Device\WIZnet\W7500\Sou
rce\ARM\startup_W7500x.s
      At line 142 in file ..\..\..\..\..\Libraries\CMSIS\Device\WIZnet\W7500\So
urce\ARM\startup_W7500x.s

RTC_Handler 00000012

Symbol: RTC_Handler
   Definitions
      At line 198 in file ..\..\..\..\..\Libraries\CMSIS\Device\WIZnet\W7500\So
urce\ARM\startup_W7500x.s
   Uses
      At line 102 in file ..\..\..\..\..\Libraries\CMSIS\Device\WIZnet\W7500\So
urce\ARM\startup_W7500x.s
      At line 172 in file ..\..\..\..\..\Libraries\CMSIS\Device\WIZnet\W7500\So
urce\ARM\startup_W7500x.s

Reset_Handler 00000000



ARM Macro Assembler    Page 6 Alphabetic symbol ordering
Relocatable symbols


Symbol: Reset_Handler
   Definitions
      At line 115 in file ..\..\..\..\..\Libraries\CMSIS\Device\WIZnet\W7500\So
urce\ARM\startup_W7500x.s
   Uses
      At line 65 in file ..\..\..\..\..\Libraries\CMSIS\Device\WIZnet\W7500\Sou
rce\ARM\startup_W7500x.s
      At line 116 in file ..\..\..\..\..\Libraries\CMSIS\Device\WIZnet\W7500\So
urce\ARM\startup_W7500x.s

SSP0_Handler 00000012

Symbol: SSP0_Handler
   Definitions
      At line 176 in file ..\..\..\..\..\Libraries\CMSIS\Device\WIZnet\W7500\So
urce\ARM\startup_W7500x.s
   Uses
      At line 80 in file ..\..\..\..\..\Libraries\CMSIS\Device\WIZnet\W7500\Sou
rce\ARM\startup_W7500x.s
      At line 150 in file ..\..\..\..\..\Libraries\CMSIS\Device\WIZnet\W7500\So
urce\ARM\startup_W7500x.s

SSP1_Handler 00000012

Symbol: SSP1_Handler
   Definitions
      At line 177 in file ..\..\..\..\..\Libraries\CMSIS\Device\WIZnet\W7500\So
urce\ARM\startup_W7500x.s
   Uses
      At line 81 in file ..\..\..\..\..\Libraries\CMSIS\Device\WIZnet\W7500\Sou
rce\ARM\startup_W7500x.s
      At line 151 in file ..\..\..\..\..\Libraries\CMSIS\Device\WIZnet\W7500\So
urce\ARM\startup_W7500x.s

SVC_Handler 0000000C

Symbol: SVC_Handler
   Definitions
      At line 137 in file ..\..\..\..\..\Libraries\CMSIS\Device\WIZnet\W7500\So
urce\ARM\startup_W7500x.s
   Uses
      At line 75 in file ..\..\..\..\..\Libraries\CMSIS\Device\WIZnet\W7500\Sou
rce\ARM\startup_W7500x.s
      At line 138 in file ..\..\..\..\..\Libraries\CMSIS\Device\WIZnet\W7500\So
urce\ARM\startup_W7500x.s

SysTick_Handler 00000010

Symbol: SysTick_Handler
   Definitions
      At line 145 in file ..\..\..\..\..\Libraries\CMSIS\Device\WIZnet\W7500\So
urce\ARM\startup_W7500x.s
   Uses
      At line 79 in file ..\..\..\..\..\Libraries\CMSIS\Device\WIZnet\W7500\Sou
rce\ARM\startup_W7500x.s
      At line 146 in file ..\..\..\..\..\Libraries\CMSIS\Device\WIZnet\W7500\So
urce\ARM\startup_W7500x.s




ARM Macro Assembler    Page 7 Alphabetic symbol ordering
Relocatable symbols

UART0_Handler 00000012

Symbol: UART0_Handler
   Definitions
      At line 178 in file ..\..\..\..\..\Libraries\CMSIS\Device\WIZnet\W7500\So
urce\ARM\startup_W7500x.s
   Uses
      At line 82 in file ..\..\..\..\..\Libraries\CMSIS\Device\WIZnet\W7500\Sou
rce\ARM\startup_W7500x.s
      At line 152 in file ..\..\..\..\..\Libraries\CMSIS\Device\WIZnet\W7500\So
urce\ARM\startup_W7500x.s

UART1_Handler 00000012

Symbol: UART1_Handler
   Definitions
      At line 179 in file ..\..\..\..\..\Libraries\CMSIS\Device\WIZnet\W7500\So
urce\ARM\startup_W7500x.s
   Uses
      At line 83 in file ..\..\..\..\..\Libraries\CMSIS\Device\WIZnet\W7500\Sou
rce\ARM\startup_W7500x.s
      At line 153 in file ..\..\..\..\..\Libraries\CMSIS\Device\WIZnet\W7500\So
urce\ARM\startup_W7500x.s

UART2_Handler 00000012

Symbol: UART2_Handler
   Definitions
      At line 180 in file ..\..\..\..\..\Libraries\CMSIS\Device\WIZnet\W7500\So
urce\ARM\startup_W7500x.s
   Uses
      At line 84 in file ..\..\..\..\..\Libraries\CMSIS\Device\WIZnet\W7500\Sou
rce\ARM\startup_W7500x.s
      At line 154 in file ..\..\..\..\..\Libraries\CMSIS\Device\WIZnet\W7500\So
urce\ARM\startup_W7500x.s

WZTOE_Handler 00000012

Symbol: WZTOE_Handler
   Definitions
      At line 200 in file ..\..\..\..\..\Libraries\CMSIS\Device\WIZnet\W7500\So
urce\ARM\startup_W7500x.s
   Uses
      At line 104 in file ..\..\..\..\..\Libraries\CMSIS\Device\WIZnet\W7500\So
urce\ARM\startup_W7500x.s
      At line 174 in file ..\..\..\..\..\Libraries\CMSIS\Device\WIZnet\W7500\So
urce\ARM\startup_W7500x.s

__user_initial_stackheap 00000014

Symbol: __user_initial_stackheap
   Definitions
      At line 222 in file ..\..\..\..\..\Libraries\CMSIS\Device\WIZnet\W7500\So
urce\ARM\startup_W7500x.s
   Uses
      At line 220 in file ..\..\..\..\..\Libraries\CMSIS\Device\WIZnet\W7500\So
urce\ARM\startup_W7500x.s
Comment: __user_initial_stackheap used once
35 symbols



ARM Macro Assembler    Page 1 Alphabetic symbol ordering
Absolute symbols

Heap_Size 00000100

Symbol: Heap_Size
   Definitions
      At line 45 in file ..\..\..\..\..\Libraries\CMSIS\Device\WIZnet\W7500\Sou
rce\ARM\startup_W7500x.s
   Uses
      At line 49 in file ..\..\..\..\..\Libraries\CMSIS\Device\WIZnet\W7500\Sou
rce\ARM\startup_W7500x.s
      At line 225 in file ..\..\..\..\..\Libraries\CMSIS\Device\WIZnet\W7500\So
urce\ARM\startup_W7500x.s

Stack_Size 00000200

Symbol: Stack_Size
   Definitions
      At line 34 in file ..\..\..\..\..\Libraries\CMSIS\Device\WIZnet\W7500\Sou
rce\ARM\startup_W7500x.s
   Uses
      At line 37 in file ..\..\..\..\..\Libraries\CMSIS\Device\WIZnet\W7500\Sou
rce\ARM\startup_W7500x.s
      At line 224 in file ..\..\..\..\..\Libraries\CMSIS\Device\WIZnet\W7500\So
urce\ARM\startup_W7500x.s

__Vectors_Size 000000A8

Symbol: __Vectors_Size
   Definitions
      At line 108 in file ..\..\..\..\..\Libraries\CMSIS\Device\WIZnet\W7500\So
urce\ARM\startup_W7500x.s
   Uses
      At line 62 in file ..\..\..\..\..\Libraries\CMSIS\Device\WIZnet\W7500\Sou
rce\ARM\startup_W7500x.s
Comment: __Vectors_Size used once
3 symbols



ARM Macro Assembler    Page 1 Alphabetic symbol ordering
External symbols

SystemInit 00000000

Symbol: SystemInit
   Definitions
      At line 117 in file ..\..\..\..\..\Libraries\CMSIS\Device\WIZnet\W7500\So
urce\ARM\startup_W7500x.s
   Uses
      At line 119 in file ..\..\..\..\..\Libraries\CMSIS\Device\WIZnet\W7500\So
urce\ARM\startup_W7500x.s
Comment: SystemInit used once
__main 00000000

Symbol: __main
   Definitions
      At line 118 in file ..\..\..\..\..\Libraries\CMSIS\Device\WIZnet\W7500\So
urce\ARM\startup_W7500x.s
   Uses
      At line 121 in file ..\..\..\..\..\Libraries\CMSIS\Device\WIZnet\W7500\So
urce\ARM\startup_W7500x.s
Comment: __main used once
__use_two_region_memory 00000000

Symbol: __use_two_region_memory
   Definitions
      At line 219 in file ..\..\..\..\..\Libraries\CMSIS\Device\WIZnet\W7500\So
urce\ARM\startup_W7500x.s
   Uses
      None
Comment: __use_two_region_memory unused
3 symbols
385 symbols in table
